<?xml version="1.0" encoding="UTF-8"?>
<testng-results skipped="0" failed="1" ignored="0" total="1" passed="0">
  <reporter-output>
  </reporter-output>
  <suite name="Default suite" duration-ms="3900" started-at="2021-12-27T22:23:56 CET" finished-at="2021-12-27T22:24:00 CET">
    <groups>
    </groups>
    <test name="Default test" duration-ms="3900" started-at="2021-12-27T22:23:56 CET" finished-at="2021-12-27T22:24:00 CET">
      <class name="com.askomdch.testCases.MyFirstTestCase">
        <test-method status="FAIL" signature="guestCheckoutUsingDirectBankTransfer()[pri:0, instance:com.askomdch.testCases.MyFirstTestCase@467b684d]" name="guestCheckoutUsingDirectBankTransfer" duration-ms="3837" started-at="2021-12-27T22:23:56 CET" finished-at="2021-12-27T22:24:00 CET">
          <exception class="org.openqa.selenium.SessionNotCreatedException">
            <message>
              <![CDATA[session not created: This version of ChromeDriver only supports Chrome version 93
Current browser version is 96.0.4664.110 with binary path C:\Program Files\Google\Chrome\Application\chrome.exe
Build info: version: '3.11.0', revision: 'e59cfb3', time: '2018-03-11T20:26:55.152Z'
System info: host: 'LAPTOP-I3ABMITL', ip: '192.168.1.94', os.name: 'Windows 10', os.arch: 'amd64', os.version: '10.0', java.version: '1.8.0_241'
Driver info: driver.version: ChromeDriver
remote stacktrace: Backtrace:
Ordinal0 [0x00DCD403+2479107]
Ordinal0 [0x00D67D51+2063697]
Ordinal0 [0x00C720C8+1056968]
Ordinal0 [0x00C9043A+1180730]
Ordinal0 [0x00C8C355+1164117]
Ordinal0 [0x00C89B7F+1153919]
Ordinal0 [0x00CB9CBF+1350847]
Ordinal0 [0x00CB992A+1349930]
Ordinal0 [0x00CB583B+1333307]
Ordinal0 [0x00C91F94+1187732]
Ordinal0 [0x00C92DE9+1191401]
GetHandleVerifier [0x00F4F3F6+1531734]
GetHandleVerifier [0x00FFE9AE+2249998]
GetHandleVerifier [0x00E539AB+501003]
GetHandleVerifier [0x00E52A29+497033]
Ordinal0 [0x00D6D11D+2085149]
Ordinal0 [0x00D711C8+2101704]
Ordinal0 [0x00D71302+2102018]
Ordinal0 [0x00D7AA71+2140785]
BaseThreadInitThunk [0x76206739+25]
RtlGetFullPathName_UEx [0x77548AFF+1215]
RtlGetFullPathName_UEx [0x77548ACD+1165]
]]>
            </message>
            <full-stacktrace>
              <![CDATA[org.openqa.selenium.SessionNotCreatedException: session not created: This version of ChromeDriver only supports Chrome version 93
Current browser version is 96.0.4664.110 with binary path C:\Program Files\Google\Chrome\Application\chrome.exe
Build info: version: '3.11.0', revision: 'e59cfb3', time: '2018-03-11T20:26:55.152Z'
System info: host: 'LAPTOP-I3ABMITL', ip: '192.168.1.94', os.name: 'Windows 10', os.arch: 'amd64', os.version: '10.0', java.version: '1.8.0_241'
Driver info: driver.version: ChromeDriver
remote stacktrace: Backtrace:
Ordinal0 [0x00DCD403+2479107]
Ordinal0 [0x00D67D51+2063697]
Ordinal0 [0x00C720C8+1056968]
Ordinal0 [0x00C9043A+1180730]
Ordinal0 [0x00C8C355+1164117]
Ordinal0 [0x00C89B7F+1153919]
Ordinal0 [0x00CB9CBF+1350847]
Ordinal0 [0x00CB992A+1349930]
Ordinal0 [0x00CB583B+1333307]
Ordinal0 [0x00C91F94+1187732]
Ordinal0 [0x00C92DE9+1191401]
GetHandleVerifier [0x00F4F3F6+1531734]
GetHandleVerifier [0x00FFE9AE+2249998]
GetHandleVerifier [0x00E539AB+501003]
GetHandleVerifier [0x00E52A29+497033]
Ordinal0 [0x00D6D11D+2085149]
Ordinal0 [0x00D711C8+2101704]
Ordinal0 [0x00D71302+2102018]
Ordinal0 [0x00D7AA71+2140785]
BaseThreadInitThunk [0x76206739+25]
RtlGetFullPathName_UEx [0x77548AFF+1215]
RtlGetFullPathName_UEx [0x77548ACD+1165]

at sun.reflect.NativeConstructorAccessorImpl.newInstance0(Native Method)
at sun.reflect.NativeConstructorAccessorImpl.newInstance(Unknown Source)
at sun.reflect.DelegatingConstructorAccessorImpl.newInstance(Unknown Source)
at java.lang.reflect.Constructor.newInstance(Unknown Source)
at org.openqa.selenium.remote.W3CHandshakeResponse.lambda$new$0(W3CHandshakeResponse.java:57)
at org.openqa.selenium.remote.W3CHandshakeResponse.lambda$getResponseFunction$2(W3CHandshakeResponse.java:104)
at org.openqa.selenium.remote.ProtocolHandshake.lambda$createSession$0(ProtocolHandshake.java:123)
at java.util.stream.ReferencePipeline$3$1.accept(Unknown Source)
at java.util.Spliterators$ArraySpliterator.tryAdvance(Unknown Source)
at java.util.stream.ReferencePipeline.forEachWithCancel(Unknown Source)
at java.util.stream.AbstractPipeline.copyIntoWithCancel(Unknown Source)
at java.util.stream.AbstractPipeline.copyInto(Unknown Source)
at java.util.stream.AbstractPipeline.wrapAndCopyInto(Unknown Source)
at java.util.stream.FindOps$FindOp.evaluateSequential(Unknown Source)
at java.util.stream.AbstractPipeline.evaluate(Unknown Source)
at java.util.stream.ReferencePipeline.findFirst(Unknown Source)
at org.openqa.selenium.remote.ProtocolHandshake.createSession(ProtocolHandshake.java:126)
at org.openqa.selenium.remote.ProtocolHandshake.createSession(ProtocolHandshake.java:73)
at org.openqa.selenium.remote.HttpCommandExecutor.execute(HttpCommandExecutor.java:136)
at org.openqa.selenium.remote.service.DriverCommandExecutor.execute(DriverCommandExecutor.java:83)
at org.openqa.selenium.remote.RemoteWebDriver.execute(RemoteWebDriver.java:545)
at org.openqa.selenium.remote.RemoteWebDriver.startSession(RemoteWebDriver.java:209)
at org.openqa.selenium.remote.RemoteWebDriver.<init>(RemoteWebDriver.java:132)
at org.openqa.selenium.chrome.ChromeDriver.<init>(ChromeDriver.java:181)
at org.openqa.selenium.chrome.ChromeDriver.<init>(ChromeDriver.java:168)
at org.openqa.selenium.chrome.ChromeDriver.<init>(ChromeDriver.java:123)
at com.askomdch.testCases.MyFirstTestCase.guestCheckoutUsingDirectBankTransfer(MyFirstTestCase.java:18)
at sun.reflect.NativeMethodAccessorImpl.invoke0(Native Method)
at sun.reflect.NativeMethodAccessorImpl.invoke(Unknown Source)
at sun.reflect.DelegatingMethodAccessorImpl.invoke(Unknown Source)
at java.lang.reflect.Method.invoke(Unknown Source)
at org.testng.internal.MethodInvocationHelper.invokeMethod(MethodInvocationHelper.java:133)
at org.testng.internal.TestInvoker.invokeMethod(TestInvoker.java:598)
at org.testng.internal.TestInvoker.invokeTestMethod(TestInvoker.java:173)
at org.testng.internal.MethodRunner.runInSequence(MethodRunner.java:46)
at org.testng.internal.TestInvoker$MethodInvocationAgent.invoke(TestInvoker.java:824)
at org.testng.internal.TestInvoker.invokeTestMethods(TestInvoker.java:146)
at org.testng.internal.TestMethodWorker.invokeTestMethods(TestMethodWorker.java:146)
at org.testng.internal.TestMethodWorker.run(TestMethodWorker.java:128)
at java.util.ArrayList.forEach(Unknown Source)
at org.testng.TestRunner.privateRun(TestRunner.java:794)
at org.testng.TestRunner.run(TestRunner.java:596)
at org.testng.SuiteRunner.runTest(SuiteRunner.java:377)
at org.testng.SuiteRunner.runSequentially(SuiteRunner.java:371)
at org.testng.SuiteRunner.privateRun(SuiteRunner.java:332)
at org.testng.SuiteRunner.run(SuiteRunner.java:276)
at org.testng.SuiteRunnerWorker.runSuite(SuiteRunnerWorker.java:53)
at org.testng.SuiteRunnerWorker.run(SuiteRunnerWorker.java:96)
at org.testng.TestNG.runSuitesSequentially(TestNG.java:1212)
at org.testng.TestNG.runSuitesLocally(TestNG.java:1134)
at org.testng.TestNG.runSuites(TestNG.java:1063)
at org.testng.TestNG.run(TestNG.java:1031)
at org.testng.remote.AbstractRemoteTestNG.run(AbstractRemoteTestNG.java:115)
at org.testng.remote.RemoteTestNG.initAndRun(RemoteTestNG.java:251)
at org.testng.remote.RemoteTestNG.main(RemoteTestNG.java:77)
]]>
            </full-stacktrace>
          </exception> <!-- org.openqa.selenium.SessionNotCreatedException -->
          <reporter-output>
          </reporter-output>
        </test-method> <!-- guestCheckoutUsingDirectBankTransfer -->
      </class> <!-- com.askomdch.testCases.MyFirstTestCase -->
    </test> <!-- Default test -->
  </suite> <!-- Default suite -->
</testng-results>
